<?xml version="1.0" encoding="UTF-8"?>
<testsuite name="models.SquadsTest" tests="1" skipped="0" failures="0" errors="0" timestamp="2021-08-10T08:10:47" hostname="brian-HP-EliteBook-840-G5" time="0.062">
  <properties/>
  <testcase name="newSquad_instantiates_correctly_withCorrectValues_true()" classname="models.SquadsTest" time="0.062"/>
  <system-out><![CDATA[]]></system-out>
  <system-err><![CDATA[]]></system-err>
</testsuite>
